2024-03-27 02:56:45.411  INFO 99033 --- [restartedMain] cn.demo.ExcelDemoApp                     : Starting ExcelDemoApp using Java 17.0.4.1 on AdadeMacBook-Pro.local with PID 99033 (/Users/adazhang/Desktop/Excel-Demo/target/classes started by adazhang in /Users/adazhang/Desktop/Excel-Demo)
2024-03-27 02:56:45.414  INFO 99033 --- [restartedMain] cn.demo.ExcelDemoApp                     : The following 1 profile is active: "dev"
2024-03-27 02:56:45.444  INFO 99033 --- [restartedMain] .e.DevToolsPropertyDefaultsPostProcessor : Devtools property defaults active! Set 'spring.devtools.add-properties' to 'false' to disable
2024-03-27 02:56:45.444  INFO 99033 --- [restartedMain] .e.DevToolsPropertyDefaultsPostProcessor : For additional web related logging consider setting the 'logging.level.web' property to 'DEBUG'
2024-03-27 02:56:46.178  INFO 99033 --- [restartedMain] o.s.b.w.embedded.tomcat.TomcatWebServer  : Tomcat initialized with port(s): 8080 (http)
2024-03-27 02:56:46.183  INFO 99033 --- [restartedMain] o.apache.catalina.core.StandardService   : Starting service [Tomcat]
2024-03-27 02:56:46.184  INFO 99033 --- [restartedMain] org.apache.catalina.core.StandardEngine  : Starting Servlet engine: [Apache Tomcat/9.0.70]
2024-03-27 02:56:46.220  INFO 99033 --- [restartedMain] o.a.c.c.C.[Tomcat].[localhost].[/]       : Initializing Spring embedded WebApplicationContext
2024-03-27 02:56:46.220  INFO 99033 --- [restartedMain] w.s.c.ServletWebServerApplicationContext : Root WebApplicationContext: initialization completed in 776 ms
2024-03-27 02:56:46.319  INFO 99033 --- [restartedMain] c.a.d.s.b.a.DruidDataSourceAutoConfigure : Init DruidDataSource
2024-03-27 02:56:46.722  INFO 99033 --- [restartedMain] com.alibaba.druid.pool.DruidDataSource   : {dataSource-1} inited
2024-03-27 02:56:47.163  INFO 99033 --- [restartedMain] o.s.b.d.a.OptionalLiveReloadServer       : LiveReload server is running on port 35729
2024-03-27 02:56:47.278  INFO 99033 --- [restartedMain] o.s.b.w.embedded.tomcat.TomcatWebServer  : Tomcat started on port(s): 8080 (http) with context path ''
2024-03-27 02:56:47.421  INFO 99033 --- [restartedMain] cn.demo.ExcelDemoApp                     : Started ExcelDemoApp in 2.352 seconds (JVM running for 2.693)
2024-03-27 02:56:55.704  INFO 99033 --- [http-nio-8080-exec-1] o.a.c.c.C.[Tomcat].[localhost].[/]       : Initializing Spring DispatcherServlet 'dispatcherServlet'
2024-03-27 02:56:55.704  INFO 99033 --- [http-nio-8080-exec-1] o.s.web.servlet.DispatcherServlet        : Initializing Servlet 'dispatcherServlet'
2024-03-27 02:56:55.705  INFO 99033 --- [http-nio-8080-exec-1] o.s.web.servlet.DispatcherServlet        : Completed initialization in 1 ms
2024-03-27 02:57:27.301  WARN 99033 --- [http-nio-8080-exec-2] c.b.m.c.t.support.ReflectLambdaMeta      : Unable to make field private final java.lang.Class java.lang.invoke.SerializedLambda.capturingClass accessible: module java.base does not "opens java.lang.invoke" to unnamed module @35ef1869
2024-03-27 03:01:00.489  INFO 99033 --- [SpringApplicationShutdownHook] com.alibaba.druid.pool.DruidDataSource   : {dataSource-1} closing ...
2024-03-27 03:01:00.494  INFO 99033 --- [SpringApplicationShutdownHook] com.alibaba.druid.pool.DruidDataSource   : {dataSource-1} closed
2024-03-27 03:01:40.413  INFO 99092 --- [restartedMain] cn.demo.ExcelDemoApp                     : Starting ExcelDemoApp using Java 17.0.4.1 on AdadeMacBook-Pro.local with PID 99092 (/Users/adazhang/Desktop/Excel-Demo/target/classes started by adazhang in /Users/adazhang/Desktop/Excel-Demo)
2024-03-27 03:01:40.414  INFO 99092 --- [restartedMain] cn.demo.ExcelDemoApp                     : The following 1 profile is active: "dev"
2024-03-27 03:01:40.438  INFO 99092 --- [restartedMain] .e.DevToolsPropertyDefaultsPostProcessor : Devtools property defaults active! Set 'spring.devtools.add-properties' to 'false' to disable
2024-03-27 03:01:40.438  INFO 99092 --- [restartedMain] .e.DevToolsPropertyDefaultsPostProcessor : For additional web related logging consider setting the 'logging.level.web' property to 'DEBUG'
2024-03-27 03:01:41.152  INFO 99092 --- [restartedMain] o.s.b.w.embedded.tomcat.TomcatWebServer  : Tomcat initialized with port(s): 8080 (http)
2024-03-27 03:01:41.158  INFO 99092 --- [restartedMain] o.apache.catalina.core.StandardService   : Starting service [Tomcat]
2024-03-27 03:01:41.158  INFO 99092 --- [restartedMain] org.apache.catalina.core.StandardEngine  : Starting Servlet engine: [Apache Tomcat/9.0.70]
2024-03-27 03:01:41.201  INFO 99092 --- [restartedMain] o.a.c.c.C.[Tomcat].[localhost].[/]       : Initializing Spring embedded WebApplicationContext
2024-03-27 03:01:41.201  INFO 99092 --- [restartedMain] w.s.c.ServletWebServerApplicationContext : Root WebApplicationContext: initialization completed in 763 ms
2024-03-27 03:01:41.292  INFO 99092 --- [restartedMain] c.a.d.s.b.a.DruidDataSourceAutoConfigure : Init DruidDataSource
2024-03-27 03:01:41.621  INFO 99092 --- [restartedMain] com.alibaba.druid.pool.DruidDataSource   : {dataSource-1} inited
2024-03-27 03:01:41.998  INFO 99092 --- [restartedMain] o.s.b.d.a.OptionalLiveReloadServer       : LiveReload server is running on port 35729
2024-03-27 03:01:42.097  INFO 99092 --- [restartedMain] o.s.b.w.embedded.tomcat.TomcatWebServer  : Tomcat started on port(s): 8080 (http) with context path ''
2024-03-27 03:01:42.246  INFO 99092 --- [restartedMain] cn.demo.ExcelDemoApp                     : Started ExcelDemoApp in 2.162 seconds (JVM running for 2.474)
2024-03-27 03:01:47.326  INFO 99092 --- [http-nio-8080-exec-1] o.a.c.c.C.[Tomcat].[localhost].[/]       : Initializing Spring DispatcherServlet 'dispatcherServlet'
2024-03-27 03:01:47.327  INFO 99092 --- [http-nio-8080-exec-1] o.s.web.servlet.DispatcherServlet        : Initializing Servlet 'dispatcherServlet'
2024-03-27 03:01:47.328  INFO 99092 --- [http-nio-8080-exec-1] o.s.web.servlet.DispatcherServlet        : Completed initialization in 1 ms
2024-03-27 03:03:34.183  WARN 99092 --- [http-nio-8080-exec-9] c.b.m.c.t.support.ReflectLambdaMeta      : Unable to make field private final java.lang.Class java.lang.invoke.SerializedLambda.capturingClass accessible: module java.base does not "opens java.lang.invoke" to unnamed module @35ef1869
2024-03-27 03:05:43.426  INFO 99092 --- [SpringApplicationShutdownHook] com.alibaba.druid.pool.DruidDataSource   : {dataSource-1} closing ...
2024-03-27 03:05:43.432  INFO 99092 --- [SpringApplicationShutdownHook] com.alibaba.druid.pool.DruidDataSource   : {dataSource-1} closed
2024-03-27 03:07:51.354  INFO 99180 --- [restartedMain] cn.demo.ExcelDemoApp                     : Starting ExcelDemoApp using Java 17.0.4.1 on AdadeMacBook-Pro.local with PID 99180 (/Users/adazhang/Desktop/Excel-Demo/target/classes started by adazhang in /Users/adazhang/Desktop/Excel-Demo)
2024-03-27 03:07:51.355  INFO 99180 --- [restartedMain] cn.demo.ExcelDemoApp                     : The following 1 profile is active: "dev"
2024-03-27 03:07:51.377  INFO 99180 --- [restartedMain] .e.DevToolsPropertyDefaultsPostProcessor : Devtools property defaults active! Set 'spring.devtools.add-properties' to 'false' to disable
2024-03-27 03:07:51.377  INFO 99180 --- [restartedMain] .e.DevToolsPropertyDefaultsPostProcessor : For additional web related logging consider setting the 'logging.level.web' property to 'DEBUG'
2024-03-27 03:07:52.056  INFO 99180 --- [restartedMain] o.s.b.w.embedded.tomcat.TomcatWebServer  : Tomcat initialized with port(s): 8080 (http)
2024-03-27 03:07:52.061  INFO 99180 --- [restartedMain] o.apache.catalina.core.StandardService   : Starting service [Tomcat]
2024-03-27 03:07:52.061  INFO 99180 --- [restartedMain] org.apache.catalina.core.StandardEngine  : Starting Servlet engine: [Apache Tomcat/9.0.70]
2024-03-27 03:07:52.097  INFO 99180 --- [restartedMain] o.a.c.c.C.[Tomcat].[localhost].[/]       : Initializing Spring embedded WebApplicationContext
2024-03-27 03:07:52.097  INFO 99180 --- [restartedMain] w.s.c.ServletWebServerApplicationContext : Root WebApplicationContext: initialization completed in 720 ms
2024-03-27 03:07:52.184  INFO 99180 --- [restartedMain] c.a.d.s.b.a.DruidDataSourceAutoConfigure : Init DruidDataSource
2024-03-27 03:07:52.470  INFO 99180 --- [restartedMain] com.alibaba.druid.pool.DruidDataSource   : {dataSource-1} inited
2024-03-27 03:07:52.821  INFO 99180 --- [restartedMain] o.s.b.d.a.OptionalLiveReloadServer       : LiveReload server is running on port 35729
2024-03-27 03:07:52.922  INFO 99180 --- [restartedMain] o.s.b.w.embedded.tomcat.TomcatWebServer  : Tomcat started on port(s): 8080 (http) with context path ''
2024-03-27 03:07:53.062  INFO 99180 --- [restartedMain] cn.demo.ExcelDemoApp                     : Started ExcelDemoApp in 2.11 seconds (JVM running for 2.425)
2024-03-27 03:08:01.926  INFO 99180 --- [http-nio-8080-exec-1] o.a.c.c.C.[Tomcat].[localhost].[/]       : Initializing Spring DispatcherServlet 'dispatcherServlet'
2024-03-27 03:08:01.926  INFO 99180 --- [http-nio-8080-exec-1] o.s.web.servlet.DispatcherServlet        : Initializing Servlet 'dispatcherServlet'
2024-03-27 03:08:01.927  INFO 99180 --- [http-nio-8080-exec-1] o.s.web.servlet.DispatcherServlet        : Completed initialization in 1 ms
2024-03-27 03:08:24.122  WARN 99180 --- [http-nio-8080-exec-5] c.b.m.c.t.support.ReflectLambdaMeta      : Unable to make field private final java.lang.Class java.lang.invoke.SerializedLambda.capturingClass accessible: module java.base does not "opens java.lang.invoke" to unnamed module @35ef1869
2024-03-27 03:12:18.548  INFO 99180 --- [SpringApplicationShutdownHook] com.alibaba.druid.pool.DruidDataSource   : {dataSource-1} closing ...
2024-03-27 03:12:18.560  INFO 99180 --- [SpringApplicationShutdownHook] com.alibaba.druid.pool.DruidDataSource   : {dataSource-1} closed
2024-03-27 03:12:30.512  INFO 99220 --- [restartedMain] cn.demo.ExcelDemoApp                     : Starting ExcelDemoApp using Java 17.0.4.1 on AdadeMacBook-Pro.local with PID 99220 (/Users/adazhang/Desktop/Excel-Demo/target/classes started by adazhang in /Users/adazhang/Desktop/Excel-Demo)
2024-03-27 03:12:30.514  INFO 99220 --- [restartedMain] cn.demo.ExcelDemoApp                     : The following 1 profile is active: "dev"
2024-03-27 03:12:30.538  INFO 99220 --- [restartedMain] .e.DevToolsPropertyDefaultsPostProcessor : Devtools property defaults active! Set 'spring.devtools.add-properties' to 'false' to disable
2024-03-27 03:12:30.538  INFO 99220 --- [restartedMain] .e.DevToolsPropertyDefaultsPostProcessor : For additional web related logging consider setting the 'logging.level.web' property to 'DEBUG'
2024-03-27 03:12:31.277  INFO 99220 --- [restartedMain] o.s.b.w.embedded.tomcat.TomcatWebServer  : Tomcat initialized with port(s): 8080 (http)
2024-03-27 03:12:31.283  INFO 99220 --- [restartedMain] o.apache.catalina.core.StandardService   : Starting service [Tomcat]
2024-03-27 03:12:31.283  INFO 99220 --- [restartedMain] org.apache.catalina.core.StandardEngine  : Starting Servlet engine: [Apache Tomcat/9.0.70]
2024-03-27 03:12:31.318  INFO 99220 --- [restartedMain] o.a.c.c.C.[Tomcat].[localhost].[/]       : Initializing Spring embedded WebApplicationContext
2024-03-27 03:12:31.318  INFO 99220 --- [restartedMain] w.s.c.ServletWebServerApplicationContext : Root WebApplicationContext: initialization completed in 779 ms
2024-03-27 03:12:31.407  INFO 99220 --- [restartedMain] c.a.d.s.b.a.DruidDataSourceAutoConfigure : Init DruidDataSource
2024-03-27 03:12:31.735  INFO 99220 --- [restartedMain] com.alibaba.druid.pool.DruidDataSource   : {dataSource-1} inited
2024-03-27 03:12:32.120  INFO 99220 --- [restartedMain] o.s.b.d.a.OptionalLiveReloadServer       : LiveReload server is running on port 35729
2024-03-27 03:12:32.220  INFO 99220 --- [restartedMain] o.s.b.w.embedded.tomcat.TomcatWebServer  : Tomcat started on port(s): 8080 (http) with context path ''
2024-03-27 03:12:32.375  INFO 99220 --- [restartedMain] cn.demo.ExcelDemoApp                     : Started ExcelDemoApp in 2.071 seconds (JVM running for 2.383)
2024-03-27 03:12:43.837  INFO 99220 --- [http-nio-8080-exec-1] o.a.c.c.C.[Tomcat].[localhost].[/]       : Initializing Spring DispatcherServlet 'dispatcherServlet'
2024-03-27 03:12:43.838  INFO 99220 --- [http-nio-8080-exec-1] o.s.web.servlet.DispatcherServlet        : Initializing Servlet 'dispatcherServlet'
2024-03-27 03:12:43.857  INFO 99220 --- [http-nio-8080-exec-1] o.s.web.servlet.DispatcherServlet        : Completed initialization in 19 ms
2024-03-27 03:15:03.154  INFO 99220 --- [SpringApplicationShutdownHook] com.alibaba.druid.pool.DruidDataSource   : {dataSource-1} closing ...
2024-03-27 03:15:03.160  INFO 99220 --- [SpringApplicationShutdownHook] com.alibaba.druid.pool.DruidDataSource   : {dataSource-1} closed
2024-03-27 03:17:06.295  INFO 99258 --- [restartedMain] cn.demo.ExcelDemoApp                     : Starting ExcelDemoApp using Java 17.0.4.1 on AdadeMacBook-Pro.local with PID 99258 (/Users/adazhang/Desktop/Excel-Demo/target/classes started by adazhang in /Users/adazhang/Desktop/Excel-Demo)
2024-03-27 03:17:06.296  INFO 99258 --- [restartedMain] cn.demo.ExcelDemoApp                     : The following 1 profile is active: "dev"
2024-03-27 03:17:06.319  INFO 99258 --- [restartedMain] .e.DevToolsPropertyDefaultsPostProcessor : Devtools property defaults active! Set 'spring.devtools.add-properties' to 'false' to disable
2024-03-27 03:17:06.319  INFO 99258 --- [restartedMain] .e.DevToolsPropertyDefaultsPostProcessor : For additional web related logging consider setting the 'logging.level.web' property to 'DEBUG'
2024-03-27 03:17:07.005  INFO 99258 --- [restartedMain] o.s.b.w.embedded.tomcat.TomcatWebServer  : Tomcat initialized with port(s): 8080 (http)
2024-03-27 03:17:07.010  INFO 99258 --- [restartedMain] o.apache.catalina.core.StandardService   : Starting service [Tomcat]
2024-03-27 03:17:07.011  INFO 99258 --- [restartedMain] org.apache.catalina.core.StandardEngine  : Starting Servlet engine: [Apache Tomcat/9.0.70]
2024-03-27 03:17:07.044  INFO 99258 --- [restartedMain] o.a.c.c.C.[Tomcat].[localhost].[/]       : Initializing Spring embedded WebApplicationContext
2024-03-27 03:17:07.044  INFO 99258 --- [restartedMain] w.s.c.ServletWebServerApplicationContext : Root WebApplicationContext: initialization completed in 725 ms
2024-03-27 03:17:07.134  INFO 99258 --- [restartedMain] c.a.d.s.b.a.DruidDataSourceAutoConfigure : Init DruidDataSource
2024-03-27 03:17:07.424  INFO 99258 --- [restartedMain] com.alibaba.druid.pool.DruidDataSource   : {dataSource-1} inited
2024-03-27 03:17:07.794  INFO 99258 --- [restartedMain] o.s.b.d.a.OptionalLiveReloadServer       : LiveReload server is running on port 35729
2024-03-27 03:17:07.896  INFO 99258 --- [restartedMain] o.s.b.w.embedded.tomcat.TomcatWebServer  : Tomcat started on port(s): 8080 (http) with context path ''
2024-03-27 03:17:08.043  INFO 99258 --- [restartedMain] cn.demo.ExcelDemoApp                     : Started ExcelDemoApp in 2.16 seconds (JVM running for 2.471)
2024-03-27 03:19:27.786  INFO 99258 --- [http-nio-8080-exec-1] o.a.c.c.C.[Tomcat].[localhost].[/]       : Initializing Spring DispatcherServlet 'dispatcherServlet'
2024-03-27 03:19:27.787  INFO 99258 --- [http-nio-8080-exec-1] o.s.web.servlet.DispatcherServlet        : Initializing Servlet 'dispatcherServlet'
2024-03-27 03:19:27.791  INFO 99258 --- [http-nio-8080-exec-1] o.s.web.servlet.DispatcherServlet        : Completed initialization in 4 ms
2024-03-27 03:23:25.560  WARN 99258 --- [http-nio-8080-exec-7] c.b.m.c.t.support.ReflectLambdaMeta      : Unable to make field private final java.lang.Class java.lang.invoke.SerializedLambda.capturingClass accessible: module java.base does not "opens java.lang.invoke" to unnamed module @35ef1869
2024-03-27 03:44:05.646  INFO 99258 --- [SpringApplicationShutdownHook] com.alibaba.druid.pool.DruidDataSource   : {dataSource-1} closing ...
2024-03-27 03:44:05.652  INFO 99258 --- [SpringApplicationShutdownHook] com.alibaba.druid.pool.DruidDataSource   : {dataSource-1} closed
